#
# A fatal error has been detected by the Java Runtime Environment:
#
#  SIGBUS (0xa) at pc=0x000000010a9aad6a, pid=2974, tid=0x0000000000001e03
#
# JRE version: Java(TM) SE Runtime Environment (8.0_161-b12) (build 1.8.0_161-b12)
# Java VM: Java HotSpot(TM) 64-Bit Server VM (25.161-b12 mixed mode bsd-amd64 compressed oops)
# Problematic frame:
# V  [libjvm.dylib+0x1aad6a]
#
# Failed to write core dump. Core dumps have been disabled. To enable core dumping, try "ulimit -c unlimited" before starting Java again
#
# If you would like to submit a bug report, please visit:
#   http://bugreport.java.com/bugreport/crash.jsp
#

---------------  T H R E A D  ---------------

Current thread (0x00007fa67a80f000):  GCTaskThread [stack: 0x000070000ba93000,0x000070000bb93000] [id=7683]

siginfo: si_signo: 10 (SIGBUS), si_code: 2 (BUS_ADRERR), si_addr: 0x00000006d0961a00

Registers:
RAX=0x000000010b043ad0, RBX=0x00007fa678c027d0, RCX=0x0000000000425803, RDX=0x000000000212c301
RSP=0x000070000bb92c00, RBP=0x000070000bb92c00, RSI=0x00000006d09619f8, RDI=0x00000006d09619f8
R8 =0x0000000000000012, R9 =0x0000000000007048, R10=0x0022084210844101, R11=0x0400000000000000
R12=0x00000006c09619c0, R13=0x00000006c09619cc, R14=0x00000006d09619f8, R15=0x00000007c0036bd0
RIP=0x000000010a9aad6a, EFLAGS=0x0000000000010202, ERR=0x0000000000000004
  TRAPNO=0x000000000000000e

Top of Stack: (sp=0x000070000bb92c00)
0x000070000bb92c00:   000070000bb92c30 000000010aac4eb0
0x000070000bb92c10:   000070000bb92c40 00007fa678c027d0
0x000070000bb92c20:   00000007c0036bc8 00000007c0036bd0
0x000070000bb92c30:   000070000bb92c80 000000010aac19d9
0x000070000bb92c40:   00000006c0961a84 00000006c09619a8
0x000070000bb92c50:   0000000000000000 00007fa678c027d0
0x000070000bb92c60:   00000006c09619a8 000000010ae16d71
0x000070000bb92c70:   00007fa678c027d8 000000010b043ad0
0x000070000bb92c80:   000070000bb92d10 000000010acbf194
0x000070000bb92c90:   0000000000000000 00007fa678c02810
0x000070000bb92ca0:   00007fa678c02858 00007fa678c02890
0x000070000bb92cb0:   0000000000000000 0000000000000000
0x000070000bb92cc0:   00000006c09619a8 00007fa67bc31000
0x000070000bb92cd0:   000070000bb92d01 00007fa67a80f001
0x000070000bb92ce0:   00007fa67a80f000 00007fa678c027d0
0x000070000bb92cf0:   0000000000000000 000000010ae16d71
0x000070000bb92d00:   00007fa678d16590 0000000000000001
0x000070000bb92d10:   000070000bb92dd0 000000010acb146e
0x000070000bb92d20:   00007fa678d12500 000000010b0d68a0
0x000070000bb92d30:   00007fa678d12400 000070000bb92d80
0x000070000bb92d40:   0000000000000000 000000010b0d6940
0x000070000bb92d50:   000070000bb92d00 000070000bb92d80
0x000070000bb92d60:   000000010b0d6960 000000010ac66200
0x000070000bb92d70:   000070000bb92d80 00007fa678d12501
0x000070000bb92d80:   000000010b0dc090 000000010aa77700
0x000070000bb92d90:   00007fa678c027d0 00007fa678f08400
0x000070000bb92da0:   00007fa678f08a00 00007fa678f08a10
0x000070000bb92db0:   00007fa678f08de8 00000000000003d8
0x000070000bb92dc0:   00007fa67a80f000 00007fa678d16590
0x000070000bb92dd0:   000070000bb92eb0 000000010aa77ccb
0x000070000bb92de0:   000070000bb92e10 00007fa678f08400
0x000070000bb92df0:   00007fa678f08a00 00007fa678f08a10 

Instructions: (pc=0x000000010a9aad6a)
0x000000010a9aad4a:   c3 90 55 48 89 e5 48 8d 05 4d 2a 74 00 8a 10 84
0x000000010a9aad5a:   d2 48 89 fe 74 15 48 8d 05 69 8d 69 00 8a 48 08
0x000000010a9aad6a:   8b 7e 08 48 d3 e7 48 03 38 eb 04 48 8b 7e 08 8b
0x000000010a9aad7a:   47 08 85 c0 7e 09 a8 01 75 4e c1 f8 03 eb 47 85 

Register to memory mapping:

RAX=0x000000010b043ad0: _ZN8Universe13_narrow_klassE+0 in /Library/Java/JavaVirtualMachines/jdk1.8.0_161.jdk/Contents/Home/jre/lib/server/libjvm.dylib at 0x000000010a800000
RBX=0x00007fa678c027d0 is an unknown value
RCX=0x0000000000425803 is an unknown value
RDX=0x000000000212c301 is an unknown value
RSP=0x000070000bb92c00 is an unknown value
RBP=0x000070000bb92c00 is an unknown value
RSI=0x00000006d09619f8 is an unallocated location in the heap
RDI=0x00000006d09619f8 is an unallocated location in the heap
R8 =0x0000000000000012 is an unknown value
R9 =0x0000000000007048 is an unknown value
R10=0x0022084210844101 is an unknown value
R11=0x0400000000000000 is an unknown value
R12=0x00000006c09619c0 is pointing into object: 0x00000006c09619a8
sun.util.locale.BaseLocale$Key 
 - klass: 'sun/util/locale/BaseLocale$Key'
R13=0x00000006c09619cc is pointing into object: 0x00000006c09619a8
sun.util.locale.BaseLocale$Key 
 - klass: 'sun/util/locale/BaseLocale$Key'
R14=0x00000006d09619f8 is an unallocated location in the heap
R15=0x00000007c0036bd0 is pointing into metadata


Stack: [0x000070000ba93000,0x000070000bb93000],  sp=0x000070000bb92c00,  free space=1023k
Native frames: (J=compiled Java code, j=interpreted, Vv=VM code, C=native code)
V  [libjvm.dylib+0x1aad6a]
V  [libjvm.dylib+0x2c4eb0]
V  [libjvm.dylib+0x2c19d9]
V  [libjvm.dylib+0x4bf194]
V  [libjvm.dylib+0x4b146e]
V  [libjvm.dylib+0x277ccb]
V  [libjvm.dylib+0x48d83a]
C  [libsystem_pthread.dylib+0x333d]  _pthread_body+0x7e
C  [libsystem_pthread.dylib+0x62a7]  _pthread_start+0x46
C  [libsystem_pthread.dylib+0x2425]  thread_start+0xd


---------------  P R O C E S S  ---------------

Java Threads: ( => current thread )
  0x00007fa6795bb000 JavaThread "Thread-2" [_thread_blocked, id=16387, stack(0x000070000c8bd000,0x000070000c9bd000)]
  0x00007fa67bc31000 JavaThread "background-preinit" [_thread_blocked, id=17155, stack(0x000070000c7ba000,0x000070000c8ba000)]
  0x00007fa679772800 JavaThread "main" [_thread_blocked, id=19463, stack(0x000070000c6b7000,0x000070000c7b7000)]
  0x00007fa679061800 JavaThread "Service Thread" daemon [_thread_blocked, id=14339, stack(0x000070000c4b1000,0x000070000c5b1000)]
  0x00007fa67905f000 JavaThread "C1 CompilerThread2" daemon [_thread_blocked, id=13827, stack(0x000070000c3ae000,0x000070000c4ae000)]
  0x00007fa67905e000 JavaThread "C2 CompilerThread1" daemon [_thread_in_native, id=13571, stack(0x000070000c2ab000,0x000070000c3ab000)]
  0x00007fa67a836000 JavaThread "C2 CompilerThread0" daemon [_thread_in_native, id=18435, stack(0x000070000c1a8000,0x000070000c2a8000)]
  0x00007fa679033000 JavaThread "Signal Dispatcher" daemon [_thread_blocked, id=13315, stack(0x000070000c0a5000,0x000070000c1a5000)]
  0x00007fa67a830000 JavaThread "Finalizer" daemon [_thread_blocked, id=20483, stack(0x000070000bfa2000,0x000070000c0a2000)]
  0x00007fa67902a000 JavaThread "Reference Handler" daemon [_thread_blocked, id=20995, stack(0x000070000be9f000,0x000070000bf9f000)]
  0x00007fa67a806800 JavaThread "main" [_thread_blocked, id=6403, stack(0x000070000b88d000,0x000070000b98d000)]

Other Threads:
  0x00007fa67a803800 VMThread [stack: 0x000070000bd9c000,0x000070000be9c000] [id=21251]
  0x00007fa67a835800 WatcherThread [stack: 0x000070000c5b4000,0x000070000c6b4000] [id=14595]

=>0x00007fa67a80f000 (exited) GCTaskThread [stack: 0x000070000ba93000,0x000070000bb93000] [id=7683]

VM state:at safepoint (normal execution)

VM Mutex/Monitor currently owned by a thread:  ([mutex/lock_event])
[0x00007fa678f033e0] Threads_lock - owner thread: 0x00007fa67a803800
[0x00007fa678f038e0] Heap_lock - owner thread: 0x00007fa679772800

Heap:
 PSYoungGen      total 272896K, used 10721K [0x000000076ab00000, 0x0000000783780000, 0x00000007c0000000)
  eden space 262144K, 0% used [0x000000076ab00000,0x000000076ab00000,0x000000077ab00000)
  from space 10752K, 99% used [0x000000077ab00000,0x000000077b578510,0x000000077b580000)
  to   space 19456K, 0% used [0x0000000782480000,0x0000000782480000,0x0000000783780000)
 ParOldGen       total 136192K, used 25942K [0x00000006c0000000, 0x00000006c8500000, 0x000000076ab00000)
  object space 136192K, 19% used [0x00000006c0000000,0x00000006c1955bd8,0x00000006c8500000)
 Metaspace       used 34444K, capacity 35354K, committed 35496K, reserved 1081344K
  class space    used 4324K, capacity 4604K, committed 4608K, reserved 1048576K

Card table byte_map: [0x000000010bb6e000,0x000000010c36f000] byte_map_base: 0x000000010856e000

Marking Bits: (ParMarkBitMap*) 0x000000010b0f76c0
 Begin Bits: [0x000000011f9e8000, 0x00000001239e8000)
 End Bits:   [0x00000001239e8000, 0x00000001279e8000)

Polling page: 0x0000000109e94000

CodeCache: size=245760Kb used=10599Kb max_used=12009Kb free=235161Kb
 bounds [0x00000001109e8000, 0x00000001115a8000, 0x000000011f9e8000]
 total_blobs=4048 nmethods=3639 adapters=322
 compilation: enabled

Compilation events (10 events):
Event: 6.994 Thread 0x00007fa67905f000 4254       1       java.util.logging.LogManager::access$500 (5 bytes)
Event: 6.994 Thread 0x00007fa67905f000 nmethod 4254 0x0000000110b17c10 code [0x0000000110b17d60, 0x0000000110b17e50]
Event: 7.021 Thread 0x00007fa67905f000 4256       2       java.lang.ThreadLocal$ThreadLocalMap::getEntryAfterMiss (63 bytes)
Event: 7.022 Thread 0x00007fa67905f000 nmethod 4256 0x0000000110af98d0 code [0x0000000110af9a40, 0x0000000110af9ce8]
Event: 7.022 Thread 0x00007fa67905f000 4257       2       org.springframework.util.StringUtils::toStringArray (14 bytes)
Event: 7.023 Thread 0x00007fa67905f000 nmethod 4257 0x0000000110d22710 code [0x0000000110d22880, 0x0000000110d22a88]
Event: 7.026 Thread 0x00007fa67905f000 4258       2       java.lang.Throwable::<init> (39 bytes)
Event: 7.027 Thread 0x00007fa67905f000 nmethod 4258 0x0000000110d222d0 code [0x0000000110d22440, 0x0000000110d22668]
Event: 7.034 Thread 0x00007fa67905f000 4259       2       java.util.concurrent.ConcurrentHashMap::addCount (292 bytes)
Event: 7.035 Thread 0x00007fa67905f000 nmethod 4259 0x0000000110d21890 code [0x0000000110d21a40, 0x0000000110d21f38]

GC Heap History (10 events):
Event: 2.844 GC heap after
Heap after GC invocations=2 (full 0):
 PSYoungGen      total 141824K, used 10730K [0x000000076ab00000, 0x0000000774000000, 0x00000007c0000000)
  eden space 131072K, 0% used [0x000000076ab00000,0x000000076ab00000,0x0000000772b00000)
  from space 10752K, 99% used [0x0000000773580000,0x0000000773ffaae0,0x0000000774000000)
  to   space 10752K, 0% used [0x0000000772b00000,0x0000000772b00000,0x0000000773580000)
 ParOldGen       total 175104K, used 593K [0x00000006c0000000, 0x00000006cab00000, 0x000000076ab00000)
  object space 175104K, 0% used [0x00000006c0000000,0x00000006c0094490,0x00000006cab00000)
 Metaspace       used 15104K, capacity 15278K, committed 15616K, reserved 1062912K
  class space    used 1838K, capacity 1941K, committed 2048K, reserved 1048576K
}
Event: 4.567 GC heap before
{Heap before GC invocations=3 (full 0):
 PSYoungGen      total 141824K, used 141802K [0x000000076ab00000, 0x0000000774000000, 0x00000007c0000000)
  eden space 131072K, 100% used [0x000000076ab00000,0x0000000772b00000,0x0000000772b00000)
  from space 10752K, 99% used [0x0000000773580000,0x0000000773ffaae0,0x0000000774000000)
  to   space 10752K, 0% used [0x0000000772b00000,0x0000000772b00000,0x0000000773580000)
 ParOldGen       total 175104K, used 593K [0x00000006c0000000, 0x00000006cab00000, 0x000000076ab00000)
  object space 175104K, 0% used [0x00000006c0000000,0x00000006c0094490,0x00000006cab00000)
 Metaspace       used 17306K, capacity 17710K, committed 18048K, reserved 1064960K
  class space    used 2016K, capacity 2125K, committed 2176K, reserved 1048576K
Event: 4.598 GC heap after
Heap after GC invocations=3 (full 0):
 PSYoungGen      total 141824K, used 10720K [0x000000076ab00000, 0x000000077c000000, 0x00000007c0000000)
  eden space 131072K, 0% used [0x000000076ab00000,0x000000076ab00000,0x0000000772b00000)
  from space 10752K, 99% used [0x0000000772b00000,0x0000000773578020,0x0000000773580000)
  to   space 10752K, 0% used [0x000000077b580000,0x000000077b580000,0x000000077c000000)
 ParOldGen       total 175104K, used 9951K [0x00000006c0000000, 0x00000006cab00000, 0x000000076ab00000)
  object space 175104K, 5% used [0x00000006c0000000,0x00000006c09b7ca0,0x00000006cab00000)
 Metaspace       used 17306K, capacity 17710K, committed 18048K, reserved 1064960K
  class space    used 2016K, capacity 2125K, committed 2176K, reserved 1048576K
}
Event: 5.447 GC heap before
{Heap before GC invocations=4 (full 0):
 PSYoungGen      total 141824K, used 76730K [0x000000076ab00000, 0x000000077c000000, 0x00000007c0000000)
  eden space 131072K, 50% used [0x000000076ab00000,0x000000076eb76800,0x0000000772b00000)
  from space 10752K, 99% used [0x0000000772b00000,0x0000000773578020,0x0000000773580000)
  to   space 10752K, 0% used [0x000000077b580000,0x000000077b580000,0x000000077c000000)
 ParOldGen       total 175104K, used 9951K [0x00000006c0000000, 0x00000006cab00000, 0x000000076ab00000)
  object space 175104K, 5% used [0x00000006c0000000,0x00000006c09b7ca0,0x00000006cab00000)
 Metaspace       used 20600K, capacity 21118K, committed 21296K, reserved 1069056K
  class space    used 2458K, capacity 2651K, committed 2688K, reserved 1048576K
Event: 5.478 GC heap after
Heap after GC invocations=4 (full 0):
 PSYoungGen      total 272896K, used 10736K [0x000000076ab00000, 0x000000077c000000, 0x00000007c0000000)
  eden space 262144K, 0% used [0x000000076ab00000,0x000000076ab00000,0x000000077ab00000)
  from space 10752K, 99% used [0x000000077b580000,0x000000077bffc010,0x000000077c000000)
  to   space 10752K, 0% used [0x000000077ab00000,0x000000077ab00000,0x000000077b580000)
 ParOldGen       total 175104K, used 14905K [0x00000006c0000000, 0x00000006cab00000, 0x000000076ab00000)
  object space 175104K, 8% used [0x00000006c0000000,0x00000006c0e8e758,0x00000006cab00000)
 Metaspace       used 20600K, capacity 21118K, committed 21296K, reserved 1069056K
  class space    used 2458K, capacity 2651K, committed 2688K, reserved 1048576K
}
Event: 5.478 GC heap before
{Heap before GC invocations=5 (full 1):
 PSYoungGen      total 272896K, used 10736K [0x000000076ab00000, 0x000000077c000000, 0x00000007c0000000)
  eden space 262144K, 0% used [0x000000076ab00000,0x000000076ab00000,0x000000077ab00000)
  from space 10752K, 99% used [0x000000077b580000,0x000000077bffc010,0x000000077c000000)
  to   space 10752K, 0% used [0x000000077ab00000,0x000000077ab00000,0x000000077b580000)
 ParOldGen       total 175104K, used 14905K [0x00000006c0000000, 0x00000006cab00000, 0x000000076ab00000)
  object space 175104K, 8% used [0x00000006c0000000,0x00000006c0e8e758,0x00000006cab00000)
 Metaspace       used 20600K, capacity 21118K, committed 21296K, reserved 1069056K
  class space    used 2458K, capacity 2651K, committed 2688K, reserved 1048576K
Event: 5.634 GC heap after
Heap after GC invocations=5 (full 1):
 PSYoungGen      total 272896K, used 0K [0x000000076ab00000, 0x000000077c000000, 0x00000007c0000000)
  eden space 262144K, 0% used [0x000000076ab00000,0x000000076ab00000,0x000000077ab00000)
  from space 10752K, 0% used [0x000000077b580000,0x000000077b580000,0x000000077c000000)
  to   space 10752K, 0% used [0x000000077ab00000,0x000000077ab00000,0x000000077b580000)
 ParOldGen       total 136192K, used 22610K [0x00000006c0000000, 0x00000006c8500000, 0x000000076ab00000)
  object space 136192K, 16% used [0x00000006c0000000,0x00000006c1614a60,0x00000006c8500000)
 Metaspace       used 20600K, capacity 21118K, committed 21296K, reserved 1069056K
  class space    used 2458K, capacity 2651K, committed 2688K, reserved 1048576K
}
Event: 7.044 GC heap before
{Heap before GC invocations=6 (full 1):
 PSYoungGen      total 272896K, used 100558K [0x000000076ab00000, 0x000000077c000000, 0x00000007c0000000)
  eden space 262144K, 38% used [0x000000076ab00000,0x0000000770d338b0,0x000000077ab00000)
  from space 10752K, 0% used [0x000000077b580000,0x000000077b580000,0x000000077c000000)
  to   space 10752K, 0% used [0x000000077ab00000,0x000000077ab00000,0x000000077b580000)
 ParOldGen       total 136192K, used 22610K [0x00000006c0000000, 0x00000006c8500000, 0x000000076ab00000)
  object space 136192K, 16% used [0x00000006c0000000,0x00000006c1614a60,0x00000006c8500000)
 Metaspace       used 34444K, capacity 35354K, committed 35496K, reserved 1081344K
  class space    used 4324K, capacity 4604K, committed 4608K, reserved 1048576K
Event: 7.067 GC heap after
Heap after GC invocations=6 (full 1):
 PSYoungGen      total 272896K, used 10721K [0x000000076ab00000, 0x0000000783780000, 0x00000007c0000000)
  eden space 262144K, 0% used [0x000000076ab00000,0x000000076ab00000,0x000000077ab00000)
  from space 10752K, 99% used [0x000000077ab00000,0x000000077b578510,0x000000077b580000)
  to   space 19456K, 0% used [0x0000000782480000,0x0000000782480000,0x0000000783780000)
 ParOldGen       total 136192K, used 25942K [0x00000006c0000000, 0x00000006c8500000, 0x000000076ab00000)
  object space 136192K, 19% used [0x00000006c0000000,0x00000006c1955bd8,0x00000006c8500000)
 Metaspace       used 34444K, capacity 35354K, committed 35496K, reserved 1081344K
  class space    used 4324K, capacity 4604K, committed 4608K, reserved 1048576K
}
Event: 7.067 GC heap before
{Heap before GC invocations=7 (full 2):
 PSYoungGen      total 272896K, used 10721K [0x000000076ab00000, 0x0000000783780000, 0x00000007c0000000)
  eden space 262144K, 0% used [0x000000076ab00000,0x000000076ab00000,0x000000077ab00000)
  from space 10752K, 99% used [0x000000077ab00000,0x000000077b578510,0x000000077b580000)
  to   space 19456K, 0% used [0x0000000782480000,0x0000000782480000,0x0000000783780000)
 ParOldGen       total 136192K, used 25942K [0x00000006c0000000, 0x00000006c8500000, 0x000000076ab00000)
  object space 136192K, 19% used [0x00000006c0000000,0x00000006c1955bd8,0x00000006c8500000)
 Metaspace       used 34444K, capacity 35354K, committed 35496K, reserved 1081344K
  class space    used 4324K, capacity 4604K, committed 4608K, reserved 1048576K

Deoptimization events (10 events):
Event: 6.461 Thread 0x00007fa67bc31000 Uncommon trap: reason=unstable_if action=reinterpret pc=0x0000000110f51958 method=java.lang.reflect.Field.get(Ljava/lang/Object;)Ljava/lang/Object; @ 4
Event: 6.526 Thread 0x00007fa67bc31000 Uncommon trap: reason=bimorphic action=maybe_recompile pc=0x00000001114a7eb4 method=java.util.LinkedHashMap.afterNodeInsertion(Z)V @ 15
Event: 6.526 Thread 0x00007fa67bc31000 Uncommon trap: reason=bimorphic action=maybe_recompile pc=0x00000001114a7eb4 method=java.util.LinkedHashMap.afterNodeInsertion(Z)V @ 15
Event: 6.526 Thread 0x00007fa67bc31000 Uncommon trap: reason=bimorphic action=maybe_recompile pc=0x00000001114a7eb4 method=java.util.LinkedHashMap.afterNodeInsertion(Z)V @ 15
Event: 6.526 Thread 0x00007fa67bc31000 Uncommon trap: reason=bimorphic action=maybe_recompile pc=0x00000001114a7eb4 method=java.util.LinkedHashMap.afterNodeInsertion(Z)V @ 15
Event: 6.685 Thread 0x00007fa679772800 Uncommon trap: reason=bimorphic action=maybe_recompile pc=0x00000001112c72d4 method=java.util.HashMap.putVal(ILjava/lang/Object;Ljava/lang/Object;ZZ)Ljava/lang/Object; @ 253
Event: 6.685 Thread 0x00007fa679772800 Uncommon trap: reason=bimorphic action=maybe_recompile pc=0x00000001112c72d4 method=java.util.HashMap.putVal(ILjava/lang/Object;Ljava/lang/Object;ZZ)Ljava/lang/Object; @ 253
Event: 6.693 Thread 0x00007fa679772800 Uncommon trap: reason=unstable_if action=reinterpret pc=0x00000001113b4f74 method=java.util.StringTokenizer.setMaxDelimCodePoint()V @ 71
Event: 6.717 Thread 0x00007fa679772800 Uncommon trap: reason=unstable_if action=reinterpret pc=0x000000011134d118 method=java.util.ArrayList.remove(Ljava/lang/Object;)Z @ 46
Event: 7.019 Thread 0x00007fa6795bb000 Uncommon trap: reason=unstable_if action=reinterpret pc=0x0000000110b1a2f8 method=java.util.concurrent.ConcurrentHashMap.addCount(JI)V @ 97

Classes redefined (0 events):
No events

Internal exceptions (10 events):
Event: 6.562 Thread 0x00007fa679772800 Exception <a 'java/lang/NoClassDefFoundError': org/springframework/jdbc/CannotGetJdbcConnectionException> (0x000000076e2cb940) thrown at [/Users/java_re/workspace/8-2-build-macosx-x86_64/jdk8u161/10277/hotspot/src/share/vm/classfile/systemDictionary.cpp, 
Event: 6.585 Thread 0x00007fa679772800 Exception <a 'java/lang/NoSuchMethodError': org.slf4j.impl.StaticMDCBinder.getSingleton()Lorg/slf4j/impl/StaticMDCBinder;> (0x000000076e55e7b0) thrown at [/Users/java_re/workspace/8-2-build-macosx-x86_64/jdk8u161/10277/hotspot/src/share/vm/interpreter/lin
Event: 6.789 Thread 0x00007fa679772800 Exception <a 'java/lang/ClassNotFoundException': java/lang/ObjectCustomizer> (0x000000076f4e8fe0) thrown at [/Users/java_re/workspace/8-2-build-macosx-x86_64/jdk8u161/10277/hotspot/src/share/vm/classfile/systemDictionary.cpp, line 210]
Event: 6.797 Thread 0x00007fa679772800 Exception <a 'java/lang/ClassNotFoundException': org/springframework/context/annotation/ConfigurationClassPostProcessorCustomizer> (0x000000076f502dd0) thrown at [/Users/java_re/workspace/8-2-build-macosx-x86_64/jdk8u161/10277/hotspot/src/share/vm/classfi
Event: 6.805 Thread 0x00007fa679772800 Exception <a 'java/lang/ClassNotFoundException': org/springframework/beans/factory/support/BeanDefinitionRegistryPostProcessorCustomizer> (0x000000076f708c98) thrown at [/Users/java_re/workspace/8-2-build-macosx-x86_64/jdk8u161/10277/hotspot/src/share/vm/
Event: 6.805 Thread 0x00007fa679772800 Exception <a 'java/lang/ClassNotFoundException': org/springframework/core/PriorityOrderedCustomizer> (0x000000076f719238) thrown at [/Users/java_re/workspace/8-2-build-macosx-x86_64/jdk8u161/10277/hotspot/src/share/vm/classfile/systemDictionary.cpp, line 
Event: 6.805 Thread 0x00007fa679772800 Exception <a 'java/lang/ClassNotFoundException': org/springframework/context/ResourceLoaderAwareCustomizer> (0x000000076f729d68) thrown at [/Users/java_re/workspace/8-2-build-macosx-x86_64/jdk8u161/10277/hotspot/src/share/vm/classfile/systemDictionary.cpp
Event: 6.806 Thread 0x00007fa679772800 Exception <a 'java/lang/ClassNotFoundException': org/springframework/beans/factory/BeanClassLoaderAwareCustomizer> (0x000000076f73cfd8) thrown at [/Users/java_re/workspace/8-2-build-macosx-x86_64/jdk8u161/10277/hotspot/src/share/vm/classfile/systemDiction
Event: 6.807 Thread 0x00007fa679772800 Exception <a 'java/lang/ClassNotFoundException': org/springframework/context/EnvironmentAwareCustomizer> (0x000000076f74e560) thrown at [/Users/java_re/workspace/8-2-build-macosx-x86_64/jdk8u161/10277/hotspot/src/share/vm/classfile/systemDictionary.cpp, l
Event: 6.931 Thread 0x00007fa67bc31000 Exception <a 'java/lang/IncompatibleClassChangeError': Found class java.lang.Object, but interface was expected> (0x00000007700dc3f0) thrown at [/Users/java_re/workspace/8-2-build-macosx-x86_64/jdk8u161/10277/hotspot/src/share/vm/interpreter/linkResolver.

Events (10 events):
Event: 7.044 loading class com/sun/org/apache/xerces/internal/util/PropertyState done
Event: 7.044 loading class com/hazelcast/core/HazelcastInstance
Event: 7.044 loading class com/hazelcast/core/HazelcastInstance done
Event: 7.044 loading class com/sun/org/apache/xerces/internal/parsers/AbstractSAXParser$AttributesProxy
Event: 7.044 loading class org/springframework/orm/jpa/LocalContainerEntityManagerFactoryBean
Event: 7.044 loading class org/springframework/orm/jpa/LocalContainerEntityManagerFactoryBean done
Event: 7.044 loading class org/xml/sax/AttributeList
Event: 7.044 loading class org/xml/sax/AttributeList done
Event: 7.044 Executing VM operation: CollectForMetadataAllocation
Event: 7.044 loading class org/xml/sax/ext/Attributes2


Dynamic libraries:
0x0000000024f33000 	/System/Library/Frameworks/Cocoa.framework/Versions/A/Cocoa
0x0000000024f33000 	/System/Library/Frameworks/Security.framework/Versions/A/Security
0x0000000024f33000 	/System/Library/Frameworks/ApplicationServices.framework/Versions/A/ApplicationServices
0x0000000024f33000 	/usr/lib/libz.1.dylib
0x0000000024f33000 	/usr/lib/libSystem.B.dylib
0x0000000024f33000 	/usr/lib/libobjc.A.dylib
0x0000000024f33000 	/System/Library/Frameworks/CoreFoundation.framework/Versions/A/CoreFoundation
0x0000000024f33000 	/System/Library/Frameworks/Foundation.framework/Versions/C/Foundation
0x0000000024f33000 	/System/Library/Frameworks/AppKit.framework/Versions/C/AppKit
0x0000000024f33000 	/System/Library/Frameworks/CoreData.framework/Versions/A/CoreData
0x0000000024f33000 	/System/Library/PrivateFrameworks/RemoteViewServices.framework/Versions/A/RemoteViewServices
0x0000000024f33000 	/System/Library/PrivateFrameworks/UIFoundation.framework/Versions/A/UIFoundation
0x0000000024f33000 	/System/Library/PrivateFrameworks/XCTTargetBootstrap.framework/Versions/A/XCTTargetBootstrap
0x0000000024f33000 	/System/Library/PrivateFrameworks/IconServices.framework/Versions/A/IconServices
0x0000000024f33000 	/System/Library/Frameworks/Metal.framework/Versions/A/Metal
0x0000000024f33000 	/System/Library/PrivateFrameworks/DesktopServicesPriv.framework/Versions/A/DesktopServicesPriv
0x0000000024f33000 	/usr/lib/libenergytrace.dylib
0x0000000024f33000 	/System/Library/PrivateFrameworks/SkyLight.framework/Versions/A/SkyLight
0x0000000024f33000 	/System/Library/Frameworks/CoreGraphics.framework/Versions/A/CoreGraphics
0x0000000024f33000 	/System/Library/Frameworks/Accelerate.framework/Versions/A/Accelerate
0x0000000024f33000 	/System/Library/Frameworks/IOSurface.framework/Versions/A/IOSurface
0x0000000024f33000 	/System/Library/PrivateFrameworks/DFRFoundation.framework/Versions/A/DFRFoundation
0x0000000024f33000 	/System/Library/Frameworks/AudioToolbox.framework/Versions/A/AudioToolbox
0x0000000024f33000 	/System/Library/Frameworks/AudioUnit.framework/Versions/A/AudioUnit
0x0000000024f33000 	/System/Library/PrivateFrameworks/DataDetectorsCore.framework/Versions/A/DataDetectorsCore
0x0000000024f33000 	/System/Library/Frameworks/Carbon.framework/Versions/A/Frameworks/HIToolbox.framework/Versions/A/HIToolbox
0x0000000024f33000 	/usr/lib/libicucore.A.dylib
0x0000000024f33000 	/System/Library/Frameworks/QuartzCore.framework/Versions/A/QuartzCore
0x0000000024f33000 	/System/Library/Frameworks/Carbon.framework/Versions/A/Frameworks/SpeechRecognition.framework/Versions/A/SpeechRecognition
0x0000000024f33000 	/usr/lib/libauto.dylib
0x0000000024f33000 	/usr/lib/libxml2.2.dylib
0x0000000024f33000 	/System/Library/PrivateFrameworks/CoreUI.framework/Versions/A/CoreUI
0x0000000024f33000 	/System/Library/Frameworks/CoreAudio.framework/Versions/A/CoreAudio
0x0000000024f33000 	/System/Library/Frameworks/DiskArbitration.framework/Versions/A/DiskArbitration
0x0000000024f33000 	/usr/lib/liblangid.dylib
0x0000000024f33000 	/System/Library/PrivateFrameworks/MultitouchSupport.framework/Versions/A/MultitouchSupport
0x0000000024f33000 	/System/Library/Frameworks/IOKit.framework/Versions/A/IOKit
0x0000000024f33000 	/usr/lib/libDiagnosticMessagesClient.dylib
0x0000000024f33000 	/System/Library/Frameworks/CoreServices.framework/Versions/A/CoreServices
0x0000000024f33000 	/System/Library/PrivateFrameworks/PerformanceAnalysis.framework/Versions/A/PerformanceAnalysis
0x0000000024f33000 	/System/Library/Frameworks/OpenGL.framework/Versions/A/OpenGL
0x0000000024f33000 	/System/Library/Frameworks/ColorSync.framework/Versions/A/ColorSync
0x0000000024f33000 	/System/Library/Frameworks/CoreImage.framework/Versions/A/CoreImage
0x0000000024f33000 	/System/Library/Frameworks/CoreText.framework/Versions/A/CoreText
0x0000000024f33000 	/System/Library/Frameworks/ImageIO.framework/Versions/A/ImageIO
0x0000000024f33000 	/System/Library/PrivateFrameworks/Backup.framework/Versions/A/Backup
0x0000000024f33000 	/usr/lib/libarchive.2.dylib
0x0000000024f33000 	/System/Library/Frameworks/CFNetwork.framework/Versions/A/CFNetwork
0x0000000024f33000 	/System/Library/Frameworks/SystemConfiguration.framework/Versions/A/SystemConfiguration
0x0000000024f33000 	/usr/lib/libCRFSuite.dylib
0x0000000024f33000 	/usr/lib/libc++.1.dylib
0x0000000024f33000 	/usr/lib/libc++abi.dylib
0x0000000024f33000 	/usr/lib/system/libcache.dylib
0x0000000024f33000 	/usr/lib/system/libcommonCrypto.dylib
0x0000000024f33000 	/usr/lib/system/libcompiler_rt.dylib
0x0000000024f33000 	/usr/lib/system/libcopyfile.dylib
0x0000000024f33000 	/usr/lib/system/libcorecrypto.dylib
0x0000000024f33000 	/usr/lib/system/libdispatch.dylib
0x0000000024f33000 	/usr/lib/system/libdyld.dylib
0x0000000024f33000 	/usr/lib/system/libkeymgr.dylib
0x0000000024f33000 	/usr/lib/system/liblaunch.dylib
0x0000000024f33000 	/usr/lib/system/libmacho.dylib
0x0000000024f33000 	/usr/lib/system/libquarantine.dylib
0x0000000024f33000 	/usr/lib/system/libremovefile.dylib
0x0000000024f33000 	/usr/lib/system/libsystem_asl.dylib
0x0000000024f33000 	/usr/lib/system/libsystem_blocks.dylib
0x0000000024f33000 	/usr/lib/system/libsystem_c.dylib
0x0000000024f33000 	/usr/lib/system/libsystem_configuration.dylib
0x0000000024f33000 	/usr/lib/system/libsystem_coreservices.dylib
0x0000000024f33000 	/usr/lib/system/libsystem_darwin.dylib
0x0000000024f33000 	/usr/lib/system/libsystem_dnssd.dylib
0x0000000024f33000 	/usr/lib/system/libsystem_info.dylib
0x0000000024f33000 	/usr/lib/system/libsystem_m.dylib
0x0000000024f33000 	/usr/lib/system/libsystem_malloc.dylib
0x0000000024f33000 	/usr/lib/system/libsystem_networkextension.dylib
0x0000000024f33000 	/usr/lib/system/libsystem_notify.dylib
0x0000000024f33000 	/usr/lib/system/libsystem_sandbox.dylib
0x0000000024f33000 	/usr/lib/system/libsystem_secinit.dylib
0x0000000024f33000 	/usr/lib/system/libsystem_kernel.dylib
0x0000000024f33000 	/usr/lib/system/libsystem_platform.dylib
0x0000000024f33000 	/usr/lib/system/libsystem_pthread.dylib
0x0000000024f33000 	/usr/lib/system/libsystem_symptoms.dylib
0x0000000024f33000 	/usr/lib/system/libsystem_trace.dylib
0x0000000024f33000 	/usr/lib/system/libunwind.dylib
0x0000000024f33000 	/usr/lib/system/libxpc.dylib
0x0000000024f33000 	/usr/lib/libbsm.0.dylib
0x0000000024f33000 	/usr/lib/system/libkxld.dylib
0x0000000024f33000 	/System/Library/PrivateFrameworks/AppleFSCompression.framework/Versions/A/AppleFSCompression
0x0000000024f33000 	/usr/lib/libOpenScriptingUtil.dylib
0x0000000024f33000 	/usr/lib/libcoretls.dylib
0x0000000024f33000 	/usr/lib/libcoretls_cfhelpers.dylib
0x0000000024f33000 	/usr/lib/libpam.2.dylib
0x0000000024f33000 	/usr/lib/libsqlite3.dylib
0x0000000024f33000 	/usr/lib/libxar.1.dylib
0x0000000024f33000 	/usr/lib/libbz2.1.0.dylib
0x0000000024f33000 	/usr/lib/liblzma.5.dylib
0x0000000024f33000 	/usr/lib/libnetwork.dylib
0x0000000024f33000 	/usr/lib/libapple_nghttp2.dylib
0x0000000024f33000 	/usr/lib/libpcap.A.dylib
0x0000000024f33000 	/System/Library/Frameworks/CoreServices.framework/Versions/A/Frameworks/FSEvents.framework/Versions/A/FSEvents
0x0000000024f33000 	/System/Library/Frameworks/CoreServices.framework/Versions/A/Frameworks/CarbonCore.framework/Versions/A/CarbonCore
0x0000000024f33000 	/System/Library/Frameworks/CoreServices.framework/Versions/A/Frameworks/Metadata.framework/Versions/A/Metadata
0x0000000024f33000 	/System/Library/Frameworks/CoreServices.framework/Versions/A/Frameworks/OSServices.framework/Versions/A/OSServices
0x0000000024f33000 	/System/Library/Frameworks/CoreServices.framework/Versions/A/Frameworks/SearchKit.framework/Versions/A/SearchKit
0x0000000024f33000 	/System/Library/Frameworks/CoreServices.framework/Versions/A/Frameworks/AE.framework/Versions/A/AE
0x0000000024f33000 	/System/Library/Frameworks/CoreServices.framework/Versions/A/Frameworks/LaunchServices.framework/Versions/A/LaunchServices
0x0000000024f33000 	/System/Library/Frameworks/CoreServices.framework/Versions/A/Frameworks/DictionaryServices.framework/Versions/A/DictionaryServices
0x0000000024f33000 	/System/Library/Frameworks/CoreServices.framework/Versions/A/Frameworks/SharedFileList.framework/Versions/A/SharedFileList
0x0000000024f33000 	/System/Library/Frameworks/NetFS.framework/Versions/A/NetFS
0x0000000024f33000 	/System/Library/PrivateFrameworks/NetAuth.framework/Versions/A/NetAuth
0x0000000024f33000 	/System/Library/PrivateFrameworks/login.framework/Versions/A/Frameworks/loginsupport.framework/Versions/A/loginsupport
0x0000000024f33000 	/System/Library/PrivateFrameworks/TCC.framework/Versions/A/TCC
0x0000000024f33000 	/System/Library/PrivateFrameworks/CoreNLP.framework/Versions/A/CoreNLP
0x0000000024f33000 	/System/Library/PrivateFrameworks/MetadataUtilities.framework/Versions/A/MetadataUtilities
0x0000000024f33000 	/usr/lib/libmecabra.dylib
0x0000000024f33000 	/System/Library/Frameworks/ApplicationServices.framework/Versions/A/Frameworks/ATS.framework/Versions/A/ATS
0x0000000024f33000 	/System/Library/Frameworks/ApplicationServices.framework/Versions/A/Frameworks/ColorSyncLegacy.framework/Versions/A/ColorSyncLegacy
0x0000000024f33000 	/System/Library/Frameworks/ApplicationServices.framework/Versions/A/Frameworks/HIServices.framework/Versions/A/HIServices
0x0000000024f33000 	/System/Library/Frameworks/ApplicationServices.framework/Versions/A/Frameworks/LangAnalysis.framework/Versions/A/LangAnalysis
0x0000000024f33000 	/System/Library/Frameworks/ApplicationServices.framework/Versions/A/Frameworks/PrintCore.framework/Versions/A/PrintCore
0x0000000024f33000 	/System/Library/Frameworks/ApplicationServices.framework/Versions/A/Frameworks/QD.framework/Versions/A/QD
0x0000000024f33000 	/System/Library/Frameworks/ApplicationServices.framework/Versions/A/Frameworks/SpeechSynthesis.framework/Versions/A/SpeechSynthesis
0x0000000024f33000 	/usr/lib/libcompression.dylib
0x0000000024f33000 	/System/Library/Frameworks/CoreDisplay.framework/Versions/A/CoreDisplay
0x0000000024f33000 	/System/Library/Frameworks/MetalPerformanceShaders.framework/Versions/A/MetalPerformanceShaders
0x0000000024f33000 	/System/Library/Frameworks/Accelerate.framework/Versions/A/Frameworks/vImage.framework/Versions/A/vImage
0x0000000024f33000 	/System/Library/Frameworks/Accelerate.framework/Versions/A/Frameworks/vecLib.framework/Versions/A/vecLib
0x0000000024f33000 	/System/Library/Frameworks/Accelerate.framework/Versions/A/Frameworks/vecLib.framework/Versions/A/libvMisc.dylib
0x0000000024f33000 	/System/Library/Frameworks/Accelerate.framework/Versions/A/Frameworks/vecLib.framework/Versions/A/libvDSP.dylib
0x0000000024f33000 	/System/Library/Frameworks/Accelerate.framework/Versions/A/Frameworks/vecLib.framework/Versions/A/libBLAS.dylib
0x0000000024f33000 	/System/Library/Frameworks/Accelerate.framework/Versions/A/Frameworks/vecLib.framework/Versions/A/libLAPACK.dylib
0x0000000024f33000 	/System/Library/Frameworks/Accelerate.framework/Versions/A/Frameworks/vecLib.framework/Versions/A/libLinearAlgebra.dylib
0x0000000024f33000 	/System/Library/Frameworks/Accelerate.framework/Versions/A/Frameworks/vecLib.framework/Versions/A/libSparseBLAS.dylib
0x0000000024f33000 	/System/Library/Frameworks/Accelerate.framework/Versions/A/Frameworks/vecLib.framework/Versions/A/libQuadrature.dylib
0x0000000024f33000 	/System/Library/Frameworks/Accelerate.framework/Versions/A/Frameworks/vecLib.framework/Versions/A/libBNNS.dylib
0x0000000024f33000 	/System/Library/Frameworks/Accelerate.framework/Versions/A/Frameworks/vecLib.framework/Versions/A/libSparse.dylib
0x0000000024f33000 	/System/Library/PrivateFrameworks/GPUWrangler.framework/Versions/A/GPUWrangler
0x0000000024f33000 	/System/Library/PrivateFrameworks/IOAccelerator.framework/Versions/A/IOAccelerator
0x0000000024f33000 	/System/Library/PrivateFrameworks/IOPresentment.framework/Versions/A/IOPresentment
0x0000000024f33000 	/System/Library/PrivateFrameworks/DSExternalDisplay.framework/Versions/A/DSExternalDisplay
0x0000000024f33000 	/System/Library/Frameworks/OpenGL.framework/Versions/A/Libraries/libCoreFSCache.dylib
0x0000000024f33000 	/System/Library/Frameworks/MetalPerformanceShaders.framework/Frameworks/MPSCore.framework/Versions/A/MPSCore
0x0000000024f33000 	/System/Library/Frameworks/MetalPerformanceShaders.framework/Frameworks/MPSImage.framework/Versions/A/MPSImage
0x0000000024f33000 	/System/Library/Frameworks/MetalPerformanceShaders.framework/Frameworks/MPSNeuralNetwork.framework/Versions/A/MPSNeuralNetwork
0x0000000024f33000 	/System/Library/Frameworks/MetalPerformanceShaders.framework/Frameworks/MPSMatrix.framework/Versions/A/MPSMatrix
0x0000000024f33000 	/System/Library/Frameworks/MetalPerformanceShaders.framework/Frameworks/MPSRayIntersector.framework/Versions/A/MPSRayIntersector
0x0000000024f33000 	/System/Library/PrivateFrameworks/MetalTools.framework/Versions/A/MetalTools
0x0000000024f33000 	/System/Library/PrivateFrameworks/AggregateDictionary.framework/Versions/A/AggregateDictionary
0x0000000024f33000 	/usr/lib/libMobileGestalt.dylib
0x0000000024f33000 	/System/Library/Frameworks/CoreVideo.framework/Versions/A/CoreVideo
0x0000000024f33000 	/System/Library/PrivateFrameworks/GraphVisualizer.framework/Versions/A/GraphVisualizer
0x0000000024f33000 	/System/Library/PrivateFrameworks/FaceCore.framework/Versions/A/FaceCore
0x0000000024f33000 	/System/Library/Frameworks/OpenCL.framework/Versions/A/OpenCL
0x0000000024f33000 	/usr/lib/libFosl_dynamic.dylib
0x0000000024f33000 	/System/Library/PrivateFrameworks/OTSVG.framework/Versions/A/OTSVG
0x0000000024f33000 	/System/Library/Frameworks/ApplicationServices.framework/Versions/A/Frameworks/ATS.framework/Versions/A/Resources/libFontParser.dylib
0x0000000024f33000 	/System/Library/Frameworks/ApplicationServices.framework/Versions/A/Frameworks/ATS.framework/Versions/A/Resources/libFontRegistry.dylib
0x0000000024f33000 	/System/Library/Frameworks/ImageIO.framework/Versions/A/Resources/libJPEG.dylib
0x0000000024f33000 	/System/Library/Frameworks/ImageIO.framework/Versions/A/Resources/libTIFF.dylib
0x0000000024f33000 	/System/Library/Frameworks/ImageIO.framework/Versions/A/Resources/libPng.dylib
0x0000000024f33000 	/System/Library/Frameworks/ImageIO.framework/Versions/A/Resources/libGIF.dylib
0x0000000024f33000 	/System/Library/Frameworks/ImageIO.framework/Versions/A/Resources/libJP2.dylib
0x0000000024f33000 	/System/Library/Frameworks/ImageIO.framework/Versions/A/Resources/libRadiance.dylib
0x0000000024f33000 	/System/Library/PrivateFrameworks/AppleJPEG.framework/Versions/A/AppleJPEG
0x0000000024f33000 	/System/Library/Frameworks/OpenGL.framework/Versions/A/Libraries/libGFXShared.dylib
0x0000000024f33000 	/System/Library/Frameworks/OpenGL.framework/Versions/A/Libraries/libGLU.dylib
0x0000000024f33000 	/System/Library/Frameworks/OpenGL.framework/Versions/A/Libraries/libGL.dylib
0x0000000024f33000 	/System/Library/Frameworks/OpenGL.framework/Versions/A/Libraries/libGLImage.dylib
0x0000000024f33000 	/System/Library/Frameworks/OpenGL.framework/Versions/A/Libraries/libCVMSPluginSupport.dylib
0x0000000024f33000 	/System/Library/Frameworks/OpenGL.framework/Versions/A/Libraries/libCoreVMClient.dylib
0x0000000024f33000 	/usr/lib/libcups.2.dylib
0x0000000024f33000 	/System/Library/Frameworks/Kerberos.framework/Versions/A/Kerberos
0x0000000024f33000 	/System/Library/Frameworks/GSS.framework/Versions/A/GSS
0x0000000024f33000 	/usr/lib/libresolv.9.dylib
0x0000000024f33000 	/usr/lib/libiconv.2.dylib
0x0000000024f33000 	/System/Library/PrivateFrameworks/Heimdal.framework/Versions/A/Heimdal
0x0000000024f33000 	/usr/lib/libheimdal-asn1.dylib
0x0000000024f33000 	/System/Library/Frameworks/OpenDirectory.framework/Versions/A/OpenDirectory
0x0000000024f33000 	/System/Library/PrivateFrameworks/CommonAuth.framework/Versions/A/CommonAuth
0x0000000024f33000 	/System/Library/Frameworks/OpenDirectory.framework/Versions/A/Frameworks/CFOpenDirectory.framework/Versions/A/CFOpenDirectory
0x0000000024f33000 	/System/Library/Frameworks/SecurityFoundation.framework/Versions/A/SecurityFoundation
0x0000000024f33000 	/System/Library/PrivateFrameworks/APFS.framework/Versions/A/APFS
0x0000000024f33000 	/usr/lib/libutil.dylib
0x0000000024f33000 	/usr/lib/libcharset.1.dylib
0x0000000024f33000 	/System/Library/PrivateFrameworks/AppleSauce.framework/Versions/A/AppleSauce
0x0000000024f33000 	/System/Library/PrivateFrameworks/AssertionServices.framework/Versions/A/AssertionServices
0x0000000024f33000 	/System/Library/PrivateFrameworks/BaseBoard.framework/Versions/A/BaseBoard
0x0000000024f33000 	/usr/lib/libmecab.1.0.0.dylib
0x0000000024f33000 	/usr/lib/libgermantok.dylib
0x0000000024f33000 	/usr/lib/libThaiTokenizer.dylib
0x0000000024f33000 	/usr/lib/libChineseTokenizer.dylib
0x0000000024f33000 	/System/Library/PrivateFrameworks/LanguageModeling.framework/Versions/A/LanguageModeling
0x0000000024f33000 	/System/Library/PrivateFrameworks/CoreEmoji.framework/Versions/A/CoreEmoji
0x0000000024f33000 	/System/Library/PrivateFrameworks/Lexicon.framework/Versions/A/Lexicon
0x0000000024f33000 	/System/Library/PrivateFrameworks/LinguisticData.framework/Versions/A/LinguisticData
0x0000000024f33000 	/usr/lib/libcmph.dylib
0x0000000024f33000 	/System/Library/Frameworks/ServiceManagement.framework/Versions/A/ServiceManagement
0x0000000024f33000 	/System/Library/PrivateFrameworks/BackgroundTaskManagement.framework/Versions/A/BackgroundTaskManagement
0x0000000024f33000 	/usr/lib/libxslt.1.dylib
0x0000000024f33000 	/System/Library/Frameworks/Carbon.framework/Versions/A/Frameworks/Ink.framework/Versions/A/Ink
0x0000000024f33000 	/System/Library/PrivateFrameworks/TextureIO.framework/Versions/A/TextureIO
0x0000000024f33000 	/usr/lib/libate.dylib
0x0000000024f33000 	/System/Library/PrivateFrameworks/CrashReporterSupport.framework/Versions/A/CrashReporterSupport
0x0000000024f33000 	/System/Library/PrivateFrameworks/Sharing.framework/Versions/A/Sharing
0x0000000024f33000 	/System/Library/PrivateFrameworks/AuthKit.framework/Versions/A/AuthKit
0x0000000024f33000 	/System/Library/PrivateFrameworks/Apple80211.framework/Versions/A/Apple80211
0x0000000024f33000 	/System/Library/PrivateFrameworks/CoreUtils.framework/Versions/A/CoreUtils
0x0000000024f33000 	/System/Library/Frameworks/CoreWLAN.framework/Versions/A/CoreWLAN
0x0000000024f33000 	/System/Library/Frameworks/IOBluetooth.framework/Versions/A/IOBluetooth
0x0000000024f33000 	/System/Library/PrivateFrameworks/ProtocolBuffer.framework/Versions/A/ProtocolBuffer
0x0000000024f33000 	/System/Library/PrivateFrameworks/MobileKeyBag.framework/Versions/A/MobileKeyBag
0x0000000024f33000 	/System/Library/PrivateFrameworks/CorePhoneNumbers.framework/Versions/A/CorePhoneNumbers
0x0000000024f33000 	/System/Library/PrivateFrameworks/AppleIDAuthSupport.framework/Versions/A/AppleIDAuthSupport
0x0000000024f33000 	/System/Library/PrivateFrameworks/KeychainCircle.framework/Versions/A/KeychainCircle
0x0000000024f33000 	/System/Library/PrivateFrameworks/ROCKit.framework/Versions/A/ROCKit
0x0000000024f33000 	/System/Library/PrivateFrameworks/CoreWiFi.framework/Versions/A/CoreWiFi
0x0000000024f33000 	/System/Library/Frameworks/CoreBluetooth.framework/Versions/A/CoreBluetooth
0x0000000024f33000 	/System/Library/PrivateFrameworks/DebugSymbols.framework/Versions/A/DebugSymbols
0x0000000024f33000 	/System/Library/PrivateFrameworks/CoreSymbolication.framework/Versions/A/CoreSymbolication
0x0000000024f33000 	/System/Library/PrivateFrameworks/Symbolication.framework/Versions/A/Symbolication
0x0000000024f33000 	/System/Library/PrivateFrameworks/SpeechRecognitionCore.framework/Versions/A/SpeechRecognitionCore
0x000000010a800000 	/Library/Java/JavaVirtualMachines/jdk1.8.0_161.jdk/Contents/Home/jre/lib/server/libjvm.dylib
0x0000000024f33000 	/usr/lib/libstdc++.6.dylib
0x0000000109e50000 	/Library/Java/JavaVirtualMachines/jdk1.8.0_161.jdk/Contents/Home/jre/lib/libverify.dylib
0x0000000109e5e000 	/Library/Java/JavaVirtualMachines/jdk1.8.0_161.jdk/Contents/Home/jre/lib/libjava.dylib
0x0000000109ede000 	/Library/Java/JavaVirtualMachines/jdk1.8.0_161.jdk/Contents/Home/jre/lib/libzip.dylib
0x000000010ec48000 	/usr/local/Cellar/maven/3.5.4/libexec/lib/jansi-native/osx/libjansi.jnilib
0x000000010eeda000 	/Library/Java/JavaVirtualMachines/jdk1.8.0_161.jdk/Contents/Home/jre/lib/libnet.dylib
0x000000010eef1000 	/Library/Java/JavaVirtualMachines/jdk1.8.0_161.jdk/Contents/Home/jre/lib/libnio.dylib
0x000000010ec7a000 	/Library/Java/JavaVirtualMachines/jdk1.8.0_161.jdk/Contents/Home/jre/lib/libmanagement.dylib

VM Arguments:
jvm_args: -Dclassworlds.conf=/usr/local/Cellar/maven/3.5.4/libexec/bin/m2.conf -Dmaven.home=/usr/local/Cellar/maven/3.5.4/libexec -Dlibrary.jansi.path=/usr/local/Cellar/maven/3.5.4/libexec/lib/jansi-native -Dmaven.multiModuleProjectDirectory=/Users/peter/Desktop/School/Software Engineering/GitHub/Zoo-Animal-Shop 
java_command: org.codehaus.plexus.classworlds.launcher.Launcher spring-boot:run
java_class_path (initial): /usr/local/Cellar/maven/3.5.4/libexec/boot/plexus-classworlds-2.5.2.jar
Launcher Type: SUN_STANDARD

Environment Variables:
JAVA_HOME=/Library/Java/JavaVirtualMachines/jdk1.8.0_161.jdk/Contents/Home
PATH=/Users/peter/anaconda3/bin:/usr/local/bin:/usr/bin:/bin:/usr/sbin:/sbin:/opt/X11/bin:/Users/peter/anaconda3/bin
SHELL=/bin/bash
DISPLAY=/private/tmp/com.apple.launchd.reLFqqgSMM/org.macosforge.xquartz:0

Signal Handlers:
SIGSEGV: [libjvm.dylib+0x5b5439], sa_mask[0]=11111111011111110111111111111111, sa_flags=SA_ONSTACK|SA_RESTART|SA_SIGINFO
SIGBUS: [libjvm.dylib+0x5b5439], sa_mask[0]=11111111011111110111111111111111, sa_flags=SA_RESTART|SA_SIGINFO
SIGFPE: [libjvm.dylib+0x48ae24], sa_mask[0]=11111111011111110111111111111111, sa_flags=SA_RESTART|SA_SIGINFO
SIGPIPE: [libjvm.dylib+0x48ae24], sa_mask[0]=11111111011111110111111111111111, sa_flags=SA_RESTART|SA_SIGINFO
SIGXFSZ: [libjvm.dylib+0x48ae24], sa_mask[0]=11111111011111110111111111111111, sa_flags=SA_RESTART|SA_SIGINFO
SIGILL: [libjvm.dylib+0x48ae24], sa_mask[0]=11111111011111110111111111111111, sa_flags=SA_RESTART|SA_SIGINFO
SIGUSR1: SIG_DFL, sa_mask[0]=11011111011111100000000111000110, sa_flags=none
SIGUSR2: [libjvm.dylib+0x48a942], sa_mask[0]=00000000000000000000000000000000, sa_flags=SA_RESTART|SA_SIGINFO
SIGHUP: [libjvm.dylib+0x488f0d], sa_mask[0]=11111111011111110111111111111111, sa_flags=SA_RESTART|SA_SIGINFO
SIGINT: [libjvm.dylib+0x488f0d], sa_mask[0]=11111111011111110111111111111111, sa_flags=SA_RESTART|SA_SIGINFO
SIGTERM: [libjvm.dylib+0x488f0d], sa_mask[0]=11111111011111110111111111111111, sa_flags=SA_RESTART|SA_SIGINFO
SIGQUIT: [libjvm.dylib+0x488f0d], sa_mask[0]=11111111011111110111111111111111, sa_flags=SA_RESTART|SA_SIGINFO


---------------  S Y S T E M  ---------------

OS:Bsduname:Darwin 18.0.0 Darwin Kernel Version 18.0.0: Wed Aug 22 20:13:40 PDT 2018; root:xnu-4903.201.2~1/RELEASE_X86_64 x86_64
rlimit: STACK 8192k, CORE 0k, NPROC 1418, NOFILE 10240, AS infinity
load average:4.13 4.11 4.81

CPU:total 4 (initial active 4) (2 cores per cpu, 2 threads per core) family 6 model 58 stepping 9, cmov, cx8, fxsr, mmx, sse, sse2, sse3, ssse3, sse4.1, sse4.2, popcnt, avx, aes, clmul, erms, ht, tsc, tscinvbit, tscinv

Memory: 4k page, physical 16777216k(4075008k free)

/proc/meminfo:


vm_info: Java HotSpot(TM) 64-Bit Server VM (25.161-b12) for bsd-amd64 JRE (1.8.0_161-b12), built on Dec 19 2017 16:22:20 by "java_re" with gcc 4.2.1 (Based on Apple Inc. build 5658) (LLVM build 2336.11.00)

time: Sun Oct 21 21:26:01 2018
elapsed time: 7 seconds (0d 0h 0m 7s)

